[2022-09-27 16:43:25,572] {scheduler_job.py:154} INFO - Started process (PID=3518) to work on /home/karyna/airflow/dags/my_dag.py
[2022-09-27 16:43:25,574] {scheduler_job.py:1589} INFO - Processing file /home/karyna/airflow/dags/my_dag.py for tasks to queue
[2022-09-27 16:43:25,702] {logging_mixin.py:112} INFO - [2022-09-27 16:43:25,702] {dagbag.py:417} INFO - Filling up the DagBag from /home/karyna/airflow/dags/my_dag.py
[2022-09-27 16:43:30,696] {scheduler_job.py:1601} INFO - DAG(s) dict_keys(['my_dag']) retrieved from /home/karyna/airflow/dags/my_dag.py
[2022-09-27 16:43:30,810] {scheduler_job.py:1305} INFO - Processing my_dag
[2022-09-27 16:43:30,847] {scheduler_job.py:459} INFO - Skipping SLA check for <DAG: my_dag> because no tasks in DAG have SLAs
[2022-09-27 16:43:30,878] {scheduler_job.py:162} INFO - Processing /home/karyna/airflow/dags/my_dag.py took 5.306 seconds
[2022-09-27 16:44:21,471] {scheduler_job.py:154} INFO - Started process (PID=3755) to work on /home/karyna/airflow/dags/my_dag.py
[2022-09-27 16:44:21,473] {scheduler_job.py:1589} INFO - Processing file /home/karyna/airflow/dags/my_dag.py for tasks to queue
[2022-09-27 16:44:21,473] {logging_mixin.py:112} INFO - [2022-09-27 16:44:21,473] {dagbag.py:417} INFO - Filling up the DagBag from /home/karyna/airflow/dags/my_dag.py
[2022-09-27 16:44:21,683] {scheduler_job.py:1601} INFO - DAG(s) dict_keys(['my_dag']) retrieved from /home/karyna/airflow/dags/my_dag.py
[2022-09-27 16:44:21,717] {scheduler_job.py:1305} INFO - Processing my_dag
[2022-09-27 16:44:21,721] {scheduler_job.py:459} INFO - Skipping SLA check for <DAG: my_dag> because no tasks in DAG have SLAs
[2022-09-27 16:44:21,722] {scheduler_job.py:162} INFO - Processing /home/karyna/airflow/dags/my_dag.py took 0.251 seconds
[2022-09-27 16:45:17,528] {scheduler_job.py:154} INFO - Started process (PID=3802) to work on /home/karyna/airflow/dags/my_dag.py
[2022-09-27 16:45:17,530] {scheduler_job.py:1589} INFO - Processing file /home/karyna/airflow/dags/my_dag.py for tasks to queue
[2022-09-27 16:45:17,530] {logging_mixin.py:112} INFO - [2022-09-27 16:45:17,530] {dagbag.py:417} INFO - Filling up the DagBag from /home/karyna/airflow/dags/my_dag.py
[2022-09-27 16:45:17,736] {scheduler_job.py:1601} INFO - DAG(s) dict_keys(['my_dag']) retrieved from /home/karyna/airflow/dags/my_dag.py
[2022-09-27 16:45:17,764] {scheduler_job.py:1305} INFO - Processing my_dag
[2022-09-27 16:45:17,769] {scheduler_job.py:459} INFO - Skipping SLA check for <DAG: my_dag> because no tasks in DAG have SLAs
[2022-09-27 16:45:17,770] {scheduler_job.py:162} INFO - Processing /home/karyna/airflow/dags/my_dag.py took 0.242 seconds
[2022-09-27 16:46:13,583] {scheduler_job.py:154} INFO - Started process (PID=3837) to work on /home/karyna/airflow/dags/my_dag.py
[2022-09-27 16:46:13,585] {scheduler_job.py:1589} INFO - Processing file /home/karyna/airflow/dags/my_dag.py for tasks to queue
[2022-09-27 16:46:13,585] {logging_mixin.py:112} INFO - [2022-09-27 16:46:13,585] {dagbag.py:417} INFO - Filling up the DagBag from /home/karyna/airflow/dags/my_dag.py
[2022-09-27 16:46:13,788] {scheduler_job.py:1601} INFO - DAG(s) dict_keys(['my_dag']) retrieved from /home/karyna/airflow/dags/my_dag.py
[2022-09-27 16:46:13,816] {scheduler_job.py:1305} INFO - Processing my_dag
[2022-09-27 16:46:13,820] {scheduler_job.py:459} INFO - Skipping SLA check for <DAG: my_dag> because no tasks in DAG have SLAs
[2022-09-27 16:46:13,821] {scheduler_job.py:162} INFO - Processing /home/karyna/airflow/dags/my_dag.py took 0.238 seconds
[2022-09-27 16:47:09,652] {scheduler_job.py:154} INFO - Started process (PID=3885) to work on /home/karyna/airflow/dags/my_dag.py
[2022-09-27 16:47:09,655] {scheduler_job.py:1589} INFO - Processing file /home/karyna/airflow/dags/my_dag.py for tasks to queue
[2022-09-27 16:47:09,657] {logging_mixin.py:112} INFO - [2022-09-27 16:47:09,657] {dagbag.py:417} INFO - Filling up the DagBag from /home/karyna/airflow/dags/my_dag.py
[2022-09-27 16:47:09,894] {scheduler_job.py:1601} INFO - DAG(s) dict_keys(['my_dag']) retrieved from /home/karyna/airflow/dags/my_dag.py
[2022-09-27 16:47:09,923] {scheduler_job.py:1305} INFO - Processing my_dag
[2022-09-27 16:47:09,927] {scheduler_job.py:459} INFO - Skipping SLA check for <DAG: my_dag> because no tasks in DAG have SLAs
[2022-09-27 16:47:09,929] {scheduler_job.py:162} INFO - Processing /home/karyna/airflow/dags/my_dag.py took 0.277 seconds
[2022-09-27 16:48:05,739] {scheduler_job.py:154} INFO - Started process (PID=3938) to work on /home/karyna/airflow/dags/my_dag.py
[2022-09-27 16:48:05,743] {scheduler_job.py:1589} INFO - Processing file /home/karyna/airflow/dags/my_dag.py for tasks to queue
[2022-09-27 16:48:05,744] {logging_mixin.py:112} INFO - [2022-09-27 16:48:05,743] {dagbag.py:417} INFO - Filling up the DagBag from /home/karyna/airflow/dags/my_dag.py
[2022-09-27 16:48:06,021] {scheduler_job.py:1601} INFO - DAG(s) dict_keys(['my_dag']) retrieved from /home/karyna/airflow/dags/my_dag.py
[2022-09-27 16:48:06,054] {scheduler_job.py:1305} INFO - Processing my_dag
[2022-09-27 16:48:06,059] {scheduler_job.py:459} INFO - Skipping SLA check for <DAG: my_dag> because no tasks in DAG have SLAs
[2022-09-27 16:48:06,060] {scheduler_job.py:162} INFO - Processing /home/karyna/airflow/dags/my_dag.py took 0.321 seconds
[2022-09-27 16:49:01,785] {scheduler_job.py:154} INFO - Started process (PID=4003) to work on /home/karyna/airflow/dags/my_dag.py
[2022-09-27 16:49:01,789] {scheduler_job.py:1589} INFO - Processing file /home/karyna/airflow/dags/my_dag.py for tasks to queue
[2022-09-27 16:49:01,790] {logging_mixin.py:112} INFO - [2022-09-27 16:49:01,790] {dagbag.py:417} INFO - Filling up the DagBag from /home/karyna/airflow/dags/my_dag.py
[2022-09-27 16:49:02,248] {scheduler_job.py:1601} INFO - DAG(s) dict_keys(['my_dag']) retrieved from /home/karyna/airflow/dags/my_dag.py
[2022-09-27 16:49:02,271] {scheduler_job.py:1305} INFO - Processing my_dag
[2022-09-27 16:49:02,278] {scheduler_job.py:459} INFO - Skipping SLA check for <DAG: my_dag> because no tasks in DAG have SLAs
[2022-09-27 16:49:02,280] {scheduler_job.py:162} INFO - Processing /home/karyna/airflow/dags/my_dag.py took 0.495 seconds
[2022-09-27 16:49:57,839] {scheduler_job.py:154} INFO - Started process (PID=4039) to work on /home/karyna/airflow/dags/my_dag.py
[2022-09-27 16:49:57,841] {scheduler_job.py:1589} INFO - Processing file /home/karyna/airflow/dags/my_dag.py for tasks to queue
[2022-09-27 16:49:57,841] {logging_mixin.py:112} INFO - [2022-09-27 16:49:57,841] {dagbag.py:417} INFO - Filling up the DagBag from /home/karyna/airflow/dags/my_dag.py
[2022-09-27 16:49:58,072] {scheduler_job.py:1601} INFO - DAG(s) dict_keys(['my_dag']) retrieved from /home/karyna/airflow/dags/my_dag.py
[2022-09-27 16:49:58,093] {scheduler_job.py:1305} INFO - Processing my_dag
[2022-09-27 16:49:58,097] {scheduler_job.py:459} INFO - Skipping SLA check for <DAG: my_dag> because no tasks in DAG have SLAs
[2022-09-27 16:49:58,099] {scheduler_job.py:162} INFO - Processing /home/karyna/airflow/dags/my_dag.py took 0.260 seconds
[2022-09-27 16:50:53,945] {scheduler_job.py:154} INFO - Started process (PID=4076) to work on /home/karyna/airflow/dags/my_dag.py
[2022-09-27 16:50:53,947] {scheduler_job.py:1589} INFO - Processing file /home/karyna/airflow/dags/my_dag.py for tasks to queue
[2022-09-27 16:50:53,948] {logging_mixin.py:112} INFO - [2022-09-27 16:50:53,948] {dagbag.py:417} INFO - Filling up the DagBag from /home/karyna/airflow/dags/my_dag.py
[2022-09-27 16:50:54,156] {scheduler_job.py:1601} INFO - DAG(s) dict_keys(['my_dag']) retrieved from /home/karyna/airflow/dags/my_dag.py
[2022-09-27 16:50:54,193] {scheduler_job.py:1305} INFO - Processing my_dag
[2022-09-27 16:50:54,202] {scheduler_job.py:459} INFO - Skipping SLA check for <DAG: my_dag> because no tasks in DAG have SLAs
[2022-09-27 16:50:54,203] {scheduler_job.py:162} INFO - Processing /home/karyna/airflow/dags/my_dag.py took 0.258 seconds
[2022-09-27 16:51:49,974] {scheduler_job.py:154} INFO - Started process (PID=4127) to work on /home/karyna/airflow/dags/my_dag.py
[2022-09-27 16:51:49,979] {scheduler_job.py:1589} INFO - Processing file /home/karyna/airflow/dags/my_dag.py for tasks to queue
[2022-09-27 16:51:49,979] {logging_mixin.py:112} INFO - [2022-09-27 16:51:49,979] {dagbag.py:417} INFO - Filling up the DagBag from /home/karyna/airflow/dags/my_dag.py
[2022-09-27 16:51:50,229] {scheduler_job.py:1601} INFO - DAG(s) dict_keys(['my_dag']) retrieved from /home/karyna/airflow/dags/my_dag.py
[2022-09-27 16:51:50,274] {scheduler_job.py:1305} INFO - Processing my_dag
[2022-09-27 16:51:50,287] {scheduler_job.py:459} INFO - Skipping SLA check for <DAG: my_dag> because no tasks in DAG have SLAs
[2022-09-27 16:51:50,298] {scheduler_job.py:162} INFO - Processing /home/karyna/airflow/dags/my_dag.py took 0.323 seconds
[2022-09-27 16:52:46,062] {scheduler_job.py:154} INFO - Started process (PID=4174) to work on /home/karyna/airflow/dags/my_dag.py
[2022-09-27 16:52:46,064] {scheduler_job.py:1589} INFO - Processing file /home/karyna/airflow/dags/my_dag.py for tasks to queue
[2022-09-27 16:52:46,070] {logging_mixin.py:112} INFO - [2022-09-27 16:52:46,064] {dagbag.py:417} INFO - Filling up the DagBag from /home/karyna/airflow/dags/my_dag.py
[2022-09-27 16:52:46,739] {scheduler_job.py:1601} INFO - DAG(s) dict_keys(['my_dag']) retrieved from /home/karyna/airflow/dags/my_dag.py
[2022-09-27 16:52:46,786] {scheduler_job.py:1305} INFO - Processing my_dag
[2022-09-27 16:52:46,790] {scheduler_job.py:459} INFO - Skipping SLA check for <DAG: my_dag> because no tasks in DAG have SLAs
[2022-09-27 16:52:46,791] {scheduler_job.py:162} INFO - Processing /home/karyna/airflow/dags/my_dag.py took 0.731 seconds
[2022-09-27 16:53:42,103] {scheduler_job.py:154} INFO - Started process (PID=4215) to work on /home/karyna/airflow/dags/my_dag.py
[2022-09-27 16:53:42,106] {scheduler_job.py:1589} INFO - Processing file /home/karyna/airflow/dags/my_dag.py for tasks to queue
[2022-09-27 16:53:42,106] {logging_mixin.py:112} INFO - [2022-09-27 16:53:42,106] {dagbag.py:417} INFO - Filling up the DagBag from /home/karyna/airflow/dags/my_dag.py
[2022-09-27 16:53:42,391] {scheduler_job.py:1601} INFO - DAG(s) dict_keys(['my_dag']) retrieved from /home/karyna/airflow/dags/my_dag.py
[2022-09-27 16:53:42,450] {scheduler_job.py:1305} INFO - Processing my_dag
[2022-09-27 16:53:42,467] {scheduler_job.py:459} INFO - Skipping SLA check for <DAG: my_dag> because no tasks in DAG have SLAs
[2022-09-27 16:53:42,469] {scheduler_job.py:162} INFO - Processing /home/karyna/airflow/dags/my_dag.py took 0.366 seconds
[2022-09-27 16:54:38,164] {scheduler_job.py:154} INFO - Started process (PID=4247) to work on /home/karyna/airflow/dags/my_dag.py
[2022-09-27 16:54:38,165] {scheduler_job.py:1589} INFO - Processing file /home/karyna/airflow/dags/my_dag.py for tasks to queue
[2022-09-27 16:54:38,165] {logging_mixin.py:112} INFO - [2022-09-27 16:54:38,165] {dagbag.py:417} INFO - Filling up the DagBag from /home/karyna/airflow/dags/my_dag.py
[2022-09-27 16:54:38,386] {scheduler_job.py:1601} INFO - DAG(s) dict_keys(['my_dag']) retrieved from /home/karyna/airflow/dags/my_dag.py
[2022-09-27 16:54:38,415] {scheduler_job.py:1305} INFO - Processing my_dag
[2022-09-27 16:54:38,420] {scheduler_job.py:459} INFO - Skipping SLA check for <DAG: my_dag> because no tasks in DAG have SLAs
[2022-09-27 16:54:38,421] {scheduler_job.py:162} INFO - Processing /home/karyna/airflow/dags/my_dag.py took 0.257 seconds
[2022-09-27 16:55:34,229] {scheduler_job.py:154} INFO - Started process (PID=4277) to work on /home/karyna/airflow/dags/my_dag.py
[2022-09-27 16:55:34,231] {scheduler_job.py:1589} INFO - Processing file /home/karyna/airflow/dags/my_dag.py for tasks to queue
[2022-09-27 16:55:34,231] {logging_mixin.py:112} INFO - [2022-09-27 16:55:34,231] {dagbag.py:417} INFO - Filling up the DagBag from /home/karyna/airflow/dags/my_dag.py
[2022-09-27 16:55:34,443] {scheduler_job.py:1601} INFO - DAG(s) dict_keys(['my_dag']) retrieved from /home/karyna/airflow/dags/my_dag.py
[2022-09-27 16:55:34,475] {scheduler_job.py:1305} INFO - Processing my_dag
[2022-09-27 16:55:34,481] {scheduler_job.py:459} INFO - Skipping SLA check for <DAG: my_dag> because no tasks in DAG have SLAs
[2022-09-27 16:55:34,482] {scheduler_job.py:162} INFO - Processing /home/karyna/airflow/dags/my_dag.py took 0.254 seconds
[2022-09-27 16:56:30,312] {scheduler_job.py:154} INFO - Started process (PID=4309) to work on /home/karyna/airflow/dags/my_dag.py
[2022-09-27 16:56:30,316] {scheduler_job.py:1589} INFO - Processing file /home/karyna/airflow/dags/my_dag.py for tasks to queue
[2022-09-27 16:56:30,316] {logging_mixin.py:112} INFO - [2022-09-27 16:56:30,316] {dagbag.py:417} INFO - Filling up the DagBag from /home/karyna/airflow/dags/my_dag.py
[2022-09-27 16:56:30,773] {scheduler_job.py:1601} INFO - DAG(s) dict_keys(['my_dag']) retrieved from /home/karyna/airflow/dags/my_dag.py
[2022-09-27 16:56:30,831] {scheduler_job.py:1305} INFO - Processing my_dag
[2022-09-27 16:56:30,842] {scheduler_job.py:459} INFO - Skipping SLA check for <DAG: my_dag> because no tasks in DAG have SLAs
[2022-09-27 16:56:30,845] {scheduler_job.py:162} INFO - Processing /home/karyna/airflow/dags/my_dag.py took 0.533 seconds
[2022-09-27 16:57:26,386] {scheduler_job.py:154} INFO - Started process (PID=4340) to work on /home/karyna/airflow/dags/my_dag.py
[2022-09-27 16:57:26,392] {scheduler_job.py:1589} INFO - Processing file /home/karyna/airflow/dags/my_dag.py for tasks to queue
[2022-09-27 16:57:26,397] {logging_mixin.py:112} INFO - [2022-09-27 16:57:26,397] {dagbag.py:417} INFO - Filling up the DagBag from /home/karyna/airflow/dags/my_dag.py
[2022-09-27 16:57:27,128] {scheduler_job.py:1601} INFO - DAG(s) dict_keys(['my_dag']) retrieved from /home/karyna/airflow/dags/my_dag.py
[2022-09-27 16:57:27,189] {scheduler_job.py:1305} INFO - Processing my_dag
[2022-09-27 16:57:27,203] {scheduler_job.py:459} INFO - Skipping SLA check for <DAG: my_dag> because no tasks in DAG have SLAs
[2022-09-27 16:57:27,206] {scheduler_job.py:162} INFO - Processing /home/karyna/airflow/dags/my_dag.py took 0.823 seconds
[2022-09-27 16:58:22,429] {scheduler_job.py:154} INFO - Started process (PID=4377) to work on /home/karyna/airflow/dags/my_dag.py
[2022-09-27 16:58:22,435] {scheduler_job.py:1589} INFO - Processing file /home/karyna/airflow/dags/my_dag.py for tasks to queue
[2022-09-27 16:58:22,436] {logging_mixin.py:112} INFO - [2022-09-27 16:58:22,436] {dagbag.py:417} INFO - Filling up the DagBag from /home/karyna/airflow/dags/my_dag.py
[2022-09-27 16:58:22,843] {scheduler_job.py:1601} INFO - DAG(s) dict_keys(['my_dag']) retrieved from /home/karyna/airflow/dags/my_dag.py
[2022-09-27 16:58:22,892] {scheduler_job.py:1305} INFO - Processing my_dag
[2022-09-27 16:58:22,899] {scheduler_job.py:459} INFO - Skipping SLA check for <DAG: my_dag> because no tasks in DAG have SLAs
[2022-09-27 16:58:22,901] {scheduler_job.py:162} INFO - Processing /home/karyna/airflow/dags/my_dag.py took 0.471 seconds
[2022-09-27 16:59:18,519] {scheduler_job.py:154} INFO - Started process (PID=4412) to work on /home/karyna/airflow/dags/my_dag.py
[2022-09-27 16:59:18,525] {scheduler_job.py:1589} INFO - Processing file /home/karyna/airflow/dags/my_dag.py for tasks to queue
[2022-09-27 16:59:18,525] {logging_mixin.py:112} INFO - [2022-09-27 16:59:18,525] {dagbag.py:417} INFO - Filling up the DagBag from /home/karyna/airflow/dags/my_dag.py
[2022-09-27 16:59:19,026] {scheduler_job.py:1601} INFO - DAG(s) dict_keys(['my_dag']) retrieved from /home/karyna/airflow/dags/my_dag.py
[2022-09-27 16:59:19,078] {scheduler_job.py:1305} INFO - Processing my_dag
[2022-09-27 16:59:19,088] {scheduler_job.py:459} INFO - Skipping SLA check for <DAG: my_dag> because no tasks in DAG have SLAs
[2022-09-27 16:59:19,091] {scheduler_job.py:162} INFO - Processing /home/karyna/airflow/dags/my_dag.py took 0.572 seconds
[2022-09-27 17:00:14,585] {scheduler_job.py:154} INFO - Started process (PID=4446) to work on /home/karyna/airflow/dags/my_dag.py
[2022-09-27 17:00:14,590] {scheduler_job.py:1589} INFO - Processing file /home/karyna/airflow/dags/my_dag.py for tasks to queue
[2022-09-27 17:00:14,591] {logging_mixin.py:112} INFO - [2022-09-27 17:00:14,591] {dagbag.py:417} INFO - Filling up the DagBag from /home/karyna/airflow/dags/my_dag.py
[2022-09-27 17:00:15,217] {scheduler_job.py:1601} INFO - DAG(s) dict_keys(['my_dag']) retrieved from /home/karyna/airflow/dags/my_dag.py
[2022-09-27 17:00:15,271] {scheduler_job.py:1305} INFO - Processing my_dag
[2022-09-27 17:00:15,284] {scheduler_job.py:459} INFO - Skipping SLA check for <DAG: my_dag> because no tasks in DAG have SLAs
[2022-09-27 17:00:15,287] {scheduler_job.py:162} INFO - Processing /home/karyna/airflow/dags/my_dag.py took 0.702 seconds
[2022-09-27 17:01:10,645] {scheduler_job.py:154} INFO - Started process (PID=4476) to work on /home/karyna/airflow/dags/my_dag.py
[2022-09-27 17:01:10,649] {scheduler_job.py:1589} INFO - Processing file /home/karyna/airflow/dags/my_dag.py for tasks to queue
[2022-09-27 17:01:10,649] {logging_mixin.py:112} INFO - [2022-09-27 17:01:10,649] {dagbag.py:417} INFO - Filling up the DagBag from /home/karyna/airflow/dags/my_dag.py
[2022-09-27 17:01:11,124] {scheduler_job.py:1601} INFO - DAG(s) dict_keys(['my_dag']) retrieved from /home/karyna/airflow/dags/my_dag.py
[2022-09-27 17:01:11,175] {scheduler_job.py:1305} INFO - Processing my_dag
[2022-09-27 17:01:11,186] {scheduler_job.py:459} INFO - Skipping SLA check for <DAG: my_dag> because no tasks in DAG have SLAs
[2022-09-27 17:01:11,189] {scheduler_job.py:162} INFO - Processing /home/karyna/airflow/dags/my_dag.py took 0.544 seconds
[2022-09-27 17:02:06,760] {scheduler_job.py:154} INFO - Started process (PID=4507) to work on /home/karyna/airflow/dags/my_dag.py
[2022-09-27 17:02:06,765] {scheduler_job.py:1589} INFO - Processing file /home/karyna/airflow/dags/my_dag.py for tasks to queue
[2022-09-27 17:02:06,766] {logging_mixin.py:112} INFO - [2022-09-27 17:02:06,765] {dagbag.py:417} INFO - Filling up the DagBag from /home/karyna/airflow/dags/my_dag.py
[2022-09-27 17:02:07,272] {scheduler_job.py:1601} INFO - DAG(s) dict_keys(['my_dag']) retrieved from /home/karyna/airflow/dags/my_dag.py
[2022-09-27 17:02:07,321] {scheduler_job.py:1305} INFO - Processing my_dag
[2022-09-27 17:02:07,353] {scheduler_job.py:459} INFO - Skipping SLA check for <DAG: my_dag> because no tasks in DAG have SLAs
[2022-09-27 17:02:07,357] {scheduler_job.py:162} INFO - Processing /home/karyna/airflow/dags/my_dag.py took 0.597 seconds
[2022-09-27 17:03:02,774] {scheduler_job.py:154} INFO - Started process (PID=4540) to work on /home/karyna/airflow/dags/my_dag.py
[2022-09-27 17:03:02,781] {scheduler_job.py:1589} INFO - Processing file /home/karyna/airflow/dags/my_dag.py for tasks to queue
[2022-09-27 17:03:02,781] {logging_mixin.py:112} INFO - [2022-09-27 17:03:02,781] {dagbag.py:417} INFO - Filling up the DagBag from /home/karyna/airflow/dags/my_dag.py
[2022-09-27 17:03:03,259] {scheduler_job.py:1601} INFO - DAG(s) dict_keys(['my_dag']) retrieved from /home/karyna/airflow/dags/my_dag.py
[2022-09-27 17:03:03,291] {scheduler_job.py:1305} INFO - Processing my_dag
[2022-09-27 17:03:03,301] {scheduler_job.py:459} INFO - Skipping SLA check for <DAG: my_dag> because no tasks in DAG have SLAs
[2022-09-27 17:03:03,304] {scheduler_job.py:162} INFO - Processing /home/karyna/airflow/dags/my_dag.py took 0.531 seconds
[2022-09-27 17:03:58,856] {scheduler_job.py:154} INFO - Started process (PID=4576) to work on /home/karyna/airflow/dags/my_dag.py
[2022-09-27 17:03:58,866] {scheduler_job.py:1589} INFO - Processing file /home/karyna/airflow/dags/my_dag.py for tasks to queue
[2022-09-27 17:03:58,866] {logging_mixin.py:112} INFO - [2022-09-27 17:03:58,866] {dagbag.py:417} INFO - Filling up the DagBag from /home/karyna/airflow/dags/my_dag.py
[2022-09-27 17:04:00,014] {scheduler_job.py:1601} INFO - DAG(s) dict_keys(['my_dag']) retrieved from /home/karyna/airflow/dags/my_dag.py
[2022-09-27 17:04:00,130] {scheduler_job.py:1305} INFO - Processing my_dag
[2022-09-27 17:04:00,181] {scheduler_job.py:459} INFO - Skipping SLA check for <DAG: my_dag> because no tasks in DAG have SLAs
[2022-09-27 17:04:00,197] {scheduler_job.py:162} INFO - Processing /home/karyna/airflow/dags/my_dag.py took 1.346 seconds
[2022-09-27 17:04:54,907] {scheduler_job.py:154} INFO - Started process (PID=4608) to work on /home/karyna/airflow/dags/my_dag.py
[2022-09-27 17:04:54,912] {scheduler_job.py:1589} INFO - Processing file /home/karyna/airflow/dags/my_dag.py for tasks to queue
[2022-09-27 17:04:54,913] {logging_mixin.py:112} INFO - [2022-09-27 17:04:54,913] {dagbag.py:417} INFO - Filling up the DagBag from /home/karyna/airflow/dags/my_dag.py
[2022-09-27 17:04:55,407] {scheduler_job.py:1601} INFO - DAG(s) dict_keys(['my_dag']) retrieved from /home/karyna/airflow/dags/my_dag.py
[2022-09-27 17:04:55,451] {scheduler_job.py:1305} INFO - Processing my_dag
[2022-09-27 17:04:55,464] {scheduler_job.py:459} INFO - Skipping SLA check for <DAG: my_dag> because no tasks in DAG have SLAs
[2022-09-27 17:04:55,467] {scheduler_job.py:162} INFO - Processing /home/karyna/airflow/dags/my_dag.py took 0.560 seconds
[2022-09-27 17:05:50,972] {scheduler_job.py:154} INFO - Started process (PID=4639) to work on /home/karyna/airflow/dags/my_dag.py
[2022-09-27 17:05:50,977] {scheduler_job.py:1589} INFO - Processing file /home/karyna/airflow/dags/my_dag.py for tasks to queue
[2022-09-27 17:05:50,978] {logging_mixin.py:112} INFO - [2022-09-27 17:05:50,978] {dagbag.py:417} INFO - Filling up the DagBag from /home/karyna/airflow/dags/my_dag.py
[2022-09-27 17:05:51,497] {scheduler_job.py:1601} INFO - DAG(s) dict_keys(['my_dag']) retrieved from /home/karyna/airflow/dags/my_dag.py
[2022-09-27 17:05:51,557] {scheduler_job.py:1305} INFO - Processing my_dag
[2022-09-27 17:05:51,571] {scheduler_job.py:459} INFO - Skipping SLA check for <DAG: my_dag> because no tasks in DAG have SLAs
[2022-09-27 17:05:51,574] {scheduler_job.py:162} INFO - Processing /home/karyna/airflow/dags/my_dag.py took 0.602 seconds
[2022-09-27 17:06:47,042] {scheduler_job.py:154} INFO - Started process (PID=4670) to work on /home/karyna/airflow/dags/my_dag.py
[2022-09-27 17:06:47,046] {scheduler_job.py:1589} INFO - Processing file /home/karyna/airflow/dags/my_dag.py for tasks to queue
[2022-09-27 17:06:47,047] {logging_mixin.py:112} INFO - [2022-09-27 17:06:47,047] {dagbag.py:417} INFO - Filling up the DagBag from /home/karyna/airflow/dags/my_dag.py
[2022-09-27 17:06:47,665] {scheduler_job.py:1601} INFO - DAG(s) dict_keys(['my_dag']) retrieved from /home/karyna/airflow/dags/my_dag.py
[2022-09-27 17:06:47,700] {scheduler_job.py:1305} INFO - Processing my_dag
[2022-09-27 17:06:47,716] {scheduler_job.py:459} INFO - Skipping SLA check for <DAG: my_dag> because no tasks in DAG have SLAs
[2022-09-27 17:06:47,721] {scheduler_job.py:162} INFO - Processing /home/karyna/airflow/dags/my_dag.py took 0.679 seconds
[2022-09-27 17:07:43,193] {scheduler_job.py:154} INFO - Started process (PID=4702) to work on /home/karyna/airflow/dags/my_dag.py
[2022-09-27 17:07:43,198] {scheduler_job.py:1589} INFO - Processing file /home/karyna/airflow/dags/my_dag.py for tasks to queue
[2022-09-27 17:07:43,198] {logging_mixin.py:112} INFO - [2022-09-27 17:07:43,198] {dagbag.py:417} INFO - Filling up the DagBag from /home/karyna/airflow/dags/my_dag.py
[2022-09-27 17:07:43,705] {scheduler_job.py:1601} INFO - DAG(s) dict_keys(['my_dag']) retrieved from /home/karyna/airflow/dags/my_dag.py
[2022-09-27 17:07:43,738] {scheduler_job.py:1305} INFO - Processing my_dag
[2022-09-27 17:07:43,749] {scheduler_job.py:459} INFO - Skipping SLA check for <DAG: my_dag> because no tasks in DAG have SLAs
[2022-09-27 17:07:43,752] {scheduler_job.py:162} INFO - Processing /home/karyna/airflow/dags/my_dag.py took 0.559 seconds
[2022-09-27 17:08:39,178] {scheduler_job.py:154} INFO - Started process (PID=4737) to work on /home/karyna/airflow/dags/my_dag.py
[2022-09-27 17:08:39,185] {scheduler_job.py:1589} INFO - Processing file /home/karyna/airflow/dags/my_dag.py for tasks to queue
[2022-09-27 17:08:39,186] {logging_mixin.py:112} INFO - [2022-09-27 17:08:39,185] {dagbag.py:417} INFO - Filling up the DagBag from /home/karyna/airflow/dags/my_dag.py
[2022-09-27 17:08:39,675] {scheduler_job.py:1601} INFO - DAG(s) dict_keys(['my_dag']) retrieved from /home/karyna/airflow/dags/my_dag.py
[2022-09-27 17:08:39,748] {scheduler_job.py:1305} INFO - Processing my_dag
[2022-09-27 17:08:39,767] {scheduler_job.py:459} INFO - Skipping SLA check for <DAG: my_dag> because no tasks in DAG have SLAs
[2022-09-27 17:08:39,771] {scheduler_job.py:162} INFO - Processing /home/karyna/airflow/dags/my_dag.py took 0.593 seconds
[2022-09-27 17:09:35,249] {scheduler_job.py:154} INFO - Started process (PID=4767) to work on /home/karyna/airflow/dags/my_dag.py
[2022-09-27 17:09:35,254] {scheduler_job.py:1589} INFO - Processing file /home/karyna/airflow/dags/my_dag.py for tasks to queue
[2022-09-27 17:09:35,254] {logging_mixin.py:112} INFO - [2022-09-27 17:09:35,254] {dagbag.py:417} INFO - Filling up the DagBag from /home/karyna/airflow/dags/my_dag.py
[2022-09-27 17:09:35,748] {scheduler_job.py:1601} INFO - DAG(s) dict_keys(['my_dag']) retrieved from /home/karyna/airflow/dags/my_dag.py
[2022-09-27 17:09:35,790] {scheduler_job.py:1305} INFO - Processing my_dag
[2022-09-27 17:09:35,801] {scheduler_job.py:459} INFO - Skipping SLA check for <DAG: my_dag> because no tasks in DAG have SLAs
[2022-09-27 17:09:35,805] {scheduler_job.py:162} INFO - Processing /home/karyna/airflow/dags/my_dag.py took 0.556 seconds
[2022-09-27 17:10:31,405] {scheduler_job.py:154} INFO - Started process (PID=4796) to work on /home/karyna/airflow/dags/my_dag.py
[2022-09-27 17:10:31,421] {scheduler_job.py:1589} INFO - Processing file /home/karyna/airflow/dags/my_dag.py for tasks to queue
[2022-09-27 17:10:31,422] {logging_mixin.py:112} INFO - [2022-09-27 17:10:31,422] {dagbag.py:417} INFO - Filling up the DagBag from /home/karyna/airflow/dags/my_dag.py
[2022-09-27 17:10:32,445] {scheduler_job.py:1601} INFO - DAG(s) dict_keys(['my_dag']) retrieved from /home/karyna/airflow/dags/my_dag.py
[2022-09-27 17:10:32,543] {scheduler_job.py:1305} INFO - Processing my_dag
[2022-09-27 17:10:32,563] {scheduler_job.py:459} INFO - Skipping SLA check for <DAG: my_dag> because no tasks in DAG have SLAs
[2022-09-27 17:10:32,570] {scheduler_job.py:162} INFO - Processing /home/karyna/airflow/dags/my_dag.py took 1.165 seconds
[2022-09-27 17:11:27,393] {scheduler_job.py:154} INFO - Started process (PID=4827) to work on /home/karyna/airflow/dags/my_dag.py
[2022-09-27 17:11:27,397] {scheduler_job.py:1589} INFO - Processing file /home/karyna/airflow/dags/my_dag.py for tasks to queue
[2022-09-27 17:11:27,398] {logging_mixin.py:112} INFO - [2022-09-27 17:11:27,398] {dagbag.py:417} INFO - Filling up the DagBag from /home/karyna/airflow/dags/my_dag.py
[2022-09-27 17:11:27,869] {scheduler_job.py:1601} INFO - DAG(s) dict_keys(['my_dag']) retrieved from /home/karyna/airflow/dags/my_dag.py
[2022-09-27 17:11:27,936] {scheduler_job.py:1305} INFO - Processing my_dag
[2022-09-27 17:11:27,955] {scheduler_job.py:459} INFO - Skipping SLA check for <DAG: my_dag> because no tasks in DAG have SLAs
[2022-09-27 17:11:27,962] {scheduler_job.py:162} INFO - Processing /home/karyna/airflow/dags/my_dag.py took 0.569 seconds
[2022-09-27 17:12:23,438] {scheduler_job.py:154} INFO - Started process (PID=4857) to work on /home/karyna/airflow/dags/my_dag.py
[2022-09-27 17:12:23,442] {scheduler_job.py:1589} INFO - Processing file /home/karyna/airflow/dags/my_dag.py for tasks to queue
[2022-09-27 17:12:23,443] {logging_mixin.py:112} INFO - [2022-09-27 17:12:23,443] {dagbag.py:417} INFO - Filling up the DagBag from /home/karyna/airflow/dags/my_dag.py
[2022-09-27 17:12:23,894] {scheduler_job.py:1601} INFO - DAG(s) dict_keys(['my_dag']) retrieved from /home/karyna/airflow/dags/my_dag.py
[2022-09-27 17:12:23,955] {scheduler_job.py:1305} INFO - Processing my_dag
[2022-09-27 17:12:23,966] {scheduler_job.py:459} INFO - Skipping SLA check for <DAG: my_dag> because no tasks in DAG have SLAs
[2022-09-27 17:12:23,969] {scheduler_job.py:162} INFO - Processing /home/karyna/airflow/dags/my_dag.py took 0.531 seconds
[2022-09-27 17:13:19,560] {scheduler_job.py:154} INFO - Started process (PID=4893) to work on /home/karyna/airflow/dags/my_dag.py
[2022-09-27 17:13:19,568] {scheduler_job.py:1589} INFO - Processing file /home/karyna/airflow/dags/my_dag.py for tasks to queue
[2022-09-27 17:13:19,569] {logging_mixin.py:112} INFO - [2022-09-27 17:13:19,569] {dagbag.py:417} INFO - Filling up the DagBag from /home/karyna/airflow/dags/my_dag.py
[2022-09-27 17:13:20,700] {scheduler_job.py:1601} INFO - DAG(s) dict_keys(['my_dag']) retrieved from /home/karyna/airflow/dags/my_dag.py
[2022-09-27 17:13:20,777] {scheduler_job.py:1305} INFO - Processing my_dag
[2022-09-27 17:13:20,797] {scheduler_job.py:459} INFO - Skipping SLA check for <DAG: my_dag> because no tasks in DAG have SLAs
[2022-09-27 17:13:20,804] {scheduler_job.py:162} INFO - Processing /home/karyna/airflow/dags/my_dag.py took 1.244 seconds
[2022-09-27 17:14:15,566] {scheduler_job.py:154} INFO - Started process (PID=4927) to work on /home/karyna/airflow/dags/my_dag.py
[2022-09-27 17:14:15,571] {scheduler_job.py:1589} INFO - Processing file /home/karyna/airflow/dags/my_dag.py for tasks to queue
[2022-09-27 17:14:15,572] {logging_mixin.py:112} INFO - [2022-09-27 17:14:15,572] {dagbag.py:417} INFO - Filling up the DagBag from /home/karyna/airflow/dags/my_dag.py
[2022-09-27 17:14:16,033] {scheduler_job.py:1601} INFO - DAG(s) dict_keys(['my_dag']) retrieved from /home/karyna/airflow/dags/my_dag.py
[2022-09-27 17:14:16,113] {scheduler_job.py:1305} INFO - Processing my_dag
[2022-09-27 17:14:16,125] {scheduler_job.py:459} INFO - Skipping SLA check for <DAG: my_dag> because no tasks in DAG have SLAs
[2022-09-27 17:14:16,128] {scheduler_job.py:162} INFO - Processing /home/karyna/airflow/dags/my_dag.py took 0.563 seconds
[2022-09-27 17:15:11,634] {scheduler_job.py:154} INFO - Started process (PID=4957) to work on /home/karyna/airflow/dags/my_dag.py
[2022-09-27 17:15:11,639] {scheduler_job.py:1589} INFO - Processing file /home/karyna/airflow/dags/my_dag.py for tasks to queue
[2022-09-27 17:15:11,639] {logging_mixin.py:112} INFO - [2022-09-27 17:15:11,639] {dagbag.py:417} INFO - Filling up the DagBag from /home/karyna/airflow/dags/my_dag.py
[2022-09-27 17:15:12,100] {scheduler_job.py:1601} INFO - DAG(s) dict_keys(['my_dag']) retrieved from /home/karyna/airflow/dags/my_dag.py
[2022-09-27 17:15:12,150] {scheduler_job.py:1305} INFO - Processing my_dag
[2022-09-27 17:15:12,160] {scheduler_job.py:459} INFO - Skipping SLA check for <DAG: my_dag> because no tasks in DAG have SLAs
[2022-09-27 17:15:12,163] {scheduler_job.py:162} INFO - Processing /home/karyna/airflow/dags/my_dag.py took 0.529 seconds
[2022-09-27 17:16:07,705] {scheduler_job.py:154} INFO - Started process (PID=4987) to work on /home/karyna/airflow/dags/my_dag.py
[2022-09-27 17:16:07,710] {scheduler_job.py:1589} INFO - Processing file /home/karyna/airflow/dags/my_dag.py for tasks to queue
[2022-09-27 17:16:07,710] {logging_mixin.py:112} INFO - [2022-09-27 17:16:07,710] {dagbag.py:417} INFO - Filling up the DagBag from /home/karyna/airflow/dags/my_dag.py
[2022-09-27 17:16:08,192] {scheduler_job.py:1601} INFO - DAG(s) dict_keys(['my_dag']) retrieved from /home/karyna/airflow/dags/my_dag.py
[2022-09-27 17:16:08,265] {scheduler_job.py:1305} INFO - Processing my_dag
[2022-09-27 17:16:08,275] {scheduler_job.py:459} INFO - Skipping SLA check for <DAG: my_dag> because no tasks in DAG have SLAs
[2022-09-27 17:16:08,278] {scheduler_job.py:162} INFO - Processing /home/karyna/airflow/dags/my_dag.py took 0.573 seconds
[2022-09-27 17:17:03,759] {scheduler_job.py:154} INFO - Started process (PID=5086) to work on /home/karyna/airflow/dags/my_dag.py
[2022-09-27 17:17:03,763] {scheduler_job.py:1589} INFO - Processing file /home/karyna/airflow/dags/my_dag.py for tasks to queue
[2022-09-27 17:17:03,764] {logging_mixin.py:112} INFO - [2022-09-27 17:17:03,764] {dagbag.py:417} INFO - Filling up the DagBag from /home/karyna/airflow/dags/my_dag.py
[2022-09-27 17:17:04,265] {scheduler_job.py:1601} INFO - DAG(s) dict_keys(['my_dag']) retrieved from /home/karyna/airflow/dags/my_dag.py
[2022-09-27 17:17:04,302] {scheduler_job.py:1305} INFO - Processing my_dag
[2022-09-27 17:17:04,315] {scheduler_job.py:459} INFO - Skipping SLA check for <DAG: my_dag> because no tasks in DAG have SLAs
[2022-09-27 17:17:04,322] {scheduler_job.py:162} INFO - Processing /home/karyna/airflow/dags/my_dag.py took 0.563 seconds
[2022-09-27 17:17:59,824] {scheduler_job.py:154} INFO - Started process (PID=5119) to work on /home/karyna/airflow/dags/my_dag.py
[2022-09-27 17:17:59,828] {scheduler_job.py:1589} INFO - Processing file /home/karyna/airflow/dags/my_dag.py for tasks to queue
[2022-09-27 17:17:59,829] {logging_mixin.py:112} INFO - [2022-09-27 17:17:59,828] {dagbag.py:417} INFO - Filling up the DagBag from /home/karyna/airflow/dags/my_dag.py
[2022-09-27 17:18:00,381] {scheduler_job.py:1601} INFO - DAG(s) dict_keys(['my_dag']) retrieved from /home/karyna/airflow/dags/my_dag.py
[2022-09-27 17:18:00,433] {scheduler_job.py:1305} INFO - Processing my_dag
[2022-09-27 17:18:00,446] {scheduler_job.py:459} INFO - Skipping SLA check for <DAG: my_dag> because no tasks in DAG have SLAs
[2022-09-27 17:18:00,449] {scheduler_job.py:162} INFO - Processing /home/karyna/airflow/dags/my_dag.py took 0.626 seconds
[2022-09-27 17:18:55,901] {scheduler_job.py:154} INFO - Started process (PID=5166) to work on /home/karyna/airflow/dags/my_dag.py
[2022-09-27 17:18:55,908] {scheduler_job.py:1589} INFO - Processing file /home/karyna/airflow/dags/my_dag.py for tasks to queue
[2022-09-27 17:18:55,909] {logging_mixin.py:112} INFO - [2022-09-27 17:18:55,909] {dagbag.py:417} INFO - Filling up the DagBag from /home/karyna/airflow/dags/my_dag.py
[2022-09-27 17:18:56,399] {scheduler_job.py:1601} INFO - DAG(s) dict_keys(['my_dag']) retrieved from /home/karyna/airflow/dags/my_dag.py
[2022-09-27 17:18:56,434] {scheduler_job.py:1305} INFO - Processing my_dag
[2022-09-27 17:18:56,445] {scheduler_job.py:459} INFO - Skipping SLA check for <DAG: my_dag> because no tasks in DAG have SLAs
[2022-09-27 17:18:56,448] {scheduler_job.py:162} INFO - Processing /home/karyna/airflow/dags/my_dag.py took 0.547 seconds
[2022-09-27 17:19:51,955] {scheduler_job.py:154} INFO - Started process (PID=5197) to work on /home/karyna/airflow/dags/my_dag.py
[2022-09-27 17:19:51,960] {scheduler_job.py:1589} INFO - Processing file /home/karyna/airflow/dags/my_dag.py for tasks to queue
[2022-09-27 17:19:51,960] {logging_mixin.py:112} INFO - [2022-09-27 17:19:51,960] {dagbag.py:417} INFO - Filling up the DagBag from /home/karyna/airflow/dags/my_dag.py
[2022-09-27 17:19:52,419] {scheduler_job.py:1601} INFO - DAG(s) dict_keys(['my_dag']) retrieved from /home/karyna/airflow/dags/my_dag.py
[2022-09-27 17:19:52,470] {scheduler_job.py:1305} INFO - Processing my_dag
[2022-09-27 17:19:52,482] {scheduler_job.py:459} INFO - Skipping SLA check for <DAG: my_dag> because no tasks in DAG have SLAs
[2022-09-27 17:19:52,486] {scheduler_job.py:162} INFO - Processing /home/karyna/airflow/dags/my_dag.py took 0.531 seconds
[2022-09-27 17:20:48,025] {scheduler_job.py:154} INFO - Started process (PID=5227) to work on /home/karyna/airflow/dags/my_dag.py
[2022-09-27 17:20:48,030] {scheduler_job.py:1589} INFO - Processing file /home/karyna/airflow/dags/my_dag.py for tasks to queue
[2022-09-27 17:20:48,030] {logging_mixin.py:112} INFO - [2022-09-27 17:20:48,030] {dagbag.py:417} INFO - Filling up the DagBag from /home/karyna/airflow/dags/my_dag.py
[2022-09-27 17:20:48,494] {scheduler_job.py:1601} INFO - DAG(s) dict_keys(['my_dag']) retrieved from /home/karyna/airflow/dags/my_dag.py
[2022-09-27 17:20:48,545] {scheduler_job.py:1305} INFO - Processing my_dag
[2022-09-27 17:20:48,556] {scheduler_job.py:459} INFO - Skipping SLA check for <DAG: my_dag> because no tasks in DAG have SLAs
[2022-09-27 17:20:48,559] {scheduler_job.py:162} INFO - Processing /home/karyna/airflow/dags/my_dag.py took 0.535 seconds
[2022-09-27 17:21:44,140] {scheduler_job.py:154} INFO - Started process (PID=5262) to work on /home/karyna/airflow/dags/my_dag.py
[2022-09-27 17:21:44,145] {scheduler_job.py:1589} INFO - Processing file /home/karyna/airflow/dags/my_dag.py for tasks to queue
[2022-09-27 17:21:44,145] {logging_mixin.py:112} INFO - [2022-09-27 17:21:44,145] {dagbag.py:417} INFO - Filling up the DagBag from /home/karyna/airflow/dags/my_dag.py
[2022-09-27 17:21:44,735] {scheduler_job.py:1601} INFO - DAG(s) dict_keys(['my_dag']) retrieved from /home/karyna/airflow/dags/my_dag.py
[2022-09-27 17:21:44,791] {scheduler_job.py:1305} INFO - Processing my_dag
[2022-09-27 17:21:44,803] {scheduler_job.py:459} INFO - Skipping SLA check for <DAG: my_dag> because no tasks in DAG have SLAs
[2022-09-27 17:21:44,808] {scheduler_job.py:162} INFO - Processing /home/karyna/airflow/dags/my_dag.py took 0.668 seconds
[2022-09-27 17:22:40,156] {scheduler_job.py:154} INFO - Started process (PID=5294) to work on /home/karyna/airflow/dags/my_dag.py
[2022-09-27 17:22:40,161] {scheduler_job.py:1589} INFO - Processing file /home/karyna/airflow/dags/my_dag.py for tasks to queue
[2022-09-27 17:22:40,161] {logging_mixin.py:112} INFO - [2022-09-27 17:22:40,161] {dagbag.py:417} INFO - Filling up the DagBag from /home/karyna/airflow/dags/my_dag.py
[2022-09-27 17:22:40,752] {scheduler_job.py:1601} INFO - DAG(s) dict_keys(['my_dag']) retrieved from /home/karyna/airflow/dags/my_dag.py
[2022-09-27 17:22:40,843] {scheduler_job.py:1305} INFO - Processing my_dag
[2022-09-27 17:22:40,887] {scheduler_job.py:459} INFO - Skipping SLA check for <DAG: my_dag> because no tasks in DAG have SLAs
[2022-09-27 17:22:40,906] {scheduler_job.py:162} INFO - Processing /home/karyna/airflow/dags/my_dag.py took 0.751 seconds
[2022-09-27 17:55:40,778] {scheduler_job.py:154} INFO - Started process (PID=7244) to work on /home/karyna/airflow/dags/my_dag.py
[2022-09-27 17:55:40,784] {scheduler_job.py:1589} INFO - Processing file /home/karyna/airflow/dags/my_dag.py for tasks to queue
[2022-09-27 17:55:40,785] {logging_mixin.py:112} INFO - [2022-09-27 17:55:40,784] {dagbag.py:417} INFO - Filling up the DagBag from /home/karyna/airflow/dags/my_dag.py
[2022-09-27 17:55:41,271] {scheduler_job.py:1601} INFO - DAG(s) dict_keys(['my_dag']) retrieved from /home/karyna/airflow/dags/my_dag.py
[2022-09-27 17:55:41,326] {scheduler_job.py:1305} INFO - Processing my_dag
[2022-09-27 17:55:41,362] {scheduler_job.py:459} INFO - Skipping SLA check for <DAG: my_dag> because no tasks in DAG have SLAs
[2022-09-27 17:55:41,374] {scheduler_job.py:162} INFO - Processing /home/karyna/airflow/dags/my_dag.py took 0.596 seconds
[2022-09-27 17:56:36,849] {scheduler_job.py:154} INFO - Started process (PID=7324) to work on /home/karyna/airflow/dags/my_dag.py
[2022-09-27 17:56:36,850] {scheduler_job.py:1589} INFO - Processing file /home/karyna/airflow/dags/my_dag.py for tasks to queue
[2022-09-27 17:56:36,851] {logging_mixin.py:112} INFO - [2022-09-27 17:56:36,851] {dagbag.py:417} INFO - Filling up the DagBag from /home/karyna/airflow/dags/my_dag.py
[2022-09-27 17:56:37,365] {scheduler_job.py:1601} INFO - DAG(s) dict_keys(['my_dag']) retrieved from /home/karyna/airflow/dags/my_dag.py
[2022-09-27 17:56:37,426] {scheduler_job.py:1305} INFO - Processing my_dag
[2022-09-27 17:56:37,442] {scheduler_job.py:459} INFO - Skipping SLA check for <DAG: my_dag> because no tasks in DAG have SLAs
[2022-09-27 17:56:37,443] {scheduler_job.py:162} INFO - Processing /home/karyna/airflow/dags/my_dag.py took 0.595 seconds
[2022-09-27 17:57:32,884] {scheduler_job.py:154} INFO - Started process (PID=7381) to work on /home/karyna/airflow/dags/my_dag.py
[2022-09-27 17:57:32,886] {scheduler_job.py:1589} INFO - Processing file /home/karyna/airflow/dags/my_dag.py for tasks to queue
[2022-09-27 17:57:32,886] {logging_mixin.py:112} INFO - [2022-09-27 17:57:32,886] {dagbag.py:417} INFO - Filling up the DagBag from /home/karyna/airflow/dags/my_dag.py
[2022-09-27 17:57:33,076] {scheduler_job.py:1601} INFO - DAG(s) dict_keys(['my_dag']) retrieved from /home/karyna/airflow/dags/my_dag.py
[2022-09-27 17:57:33,114] {scheduler_job.py:1305} INFO - Processing my_dag
[2022-09-27 17:57:33,118] {scheduler_job.py:459} INFO - Skipping SLA check for <DAG: my_dag> because no tasks in DAG have SLAs
[2022-09-27 17:57:33,120] {scheduler_job.py:162} INFO - Processing /home/karyna/airflow/dags/my_dag.py took 0.236 seconds
[2022-09-27 17:58:28,946] {scheduler_job.py:154} INFO - Started process (PID=7443) to work on /home/karyna/airflow/dags/my_dag.py
[2022-09-27 17:58:28,952] {scheduler_job.py:1589} INFO - Processing file /home/karyna/airflow/dags/my_dag.py for tasks to queue
[2022-09-27 17:58:28,952] {logging_mixin.py:112} INFO - [2022-09-27 17:58:28,952] {dagbag.py:417} INFO - Filling up the DagBag from /home/karyna/airflow/dags/my_dag.py
[2022-09-27 17:58:29,320] {scheduler_job.py:1601} INFO - DAG(s) dict_keys(['my_dag']) retrieved from /home/karyna/airflow/dags/my_dag.py
[2022-09-27 17:58:29,361] {scheduler_job.py:1305} INFO - Processing my_dag
[2022-09-27 17:58:29,366] {scheduler_job.py:459} INFO - Skipping SLA check for <DAG: my_dag> because no tasks in DAG have SLAs
[2022-09-27 17:58:29,367] {scheduler_job.py:162} INFO - Processing /home/karyna/airflow/dags/my_dag.py took 0.421 seconds
[2022-09-27 17:59:24,999] {scheduler_job.py:154} INFO - Started process (PID=7513) to work on /home/karyna/airflow/dags/my_dag.py
[2022-09-27 17:59:25,002] {scheduler_job.py:1589} INFO - Processing file /home/karyna/airflow/dags/my_dag.py for tasks to queue
[2022-09-27 17:59:25,002] {logging_mixin.py:112} INFO - [2022-09-27 17:59:25,002] {dagbag.py:417} INFO - Filling up the DagBag from /home/karyna/airflow/dags/my_dag.py
[2022-09-27 17:59:25,279] {scheduler_job.py:1601} INFO - DAG(s) dict_keys(['my_dag']) retrieved from /home/karyna/airflow/dags/my_dag.py
[2022-09-27 17:59:25,299] {scheduler_job.py:1305} INFO - Processing my_dag
[2022-09-27 17:59:25,304] {scheduler_job.py:459} INFO - Skipping SLA check for <DAG: my_dag> because no tasks in DAG have SLAs
[2022-09-27 17:59:25,306] {scheduler_job.py:162} INFO - Processing /home/karyna/airflow/dags/my_dag.py took 0.307 seconds
[2022-09-27 18:00:21,146] {scheduler_job.py:154} INFO - Started process (PID=7603) to work on /home/karyna/airflow/dags/my_dag.py
[2022-09-27 18:00:21,150] {scheduler_job.py:1589} INFO - Processing file /home/karyna/airflow/dags/my_dag.py for tasks to queue
[2022-09-27 18:00:21,150] {logging_mixin.py:112} INFO - [2022-09-27 18:00:21,150] {dagbag.py:417} INFO - Filling up the DagBag from /home/karyna/airflow/dags/my_dag.py
[2022-09-27 18:00:21,436] {scheduler_job.py:1601} INFO - DAG(s) dict_keys(['my_dag']) retrieved from /home/karyna/airflow/dags/my_dag.py
[2022-09-27 18:00:21,482] {scheduler_job.py:1305} INFO - Processing my_dag
[2022-09-27 18:00:21,487] {scheduler_job.py:459} INFO - Skipping SLA check for <DAG: my_dag> because no tasks in DAG have SLAs
[2022-09-27 18:00:21,489] {scheduler_job.py:162} INFO - Processing /home/karyna/airflow/dags/my_dag.py took 0.343 seconds
[2022-09-27 18:01:17,247] {scheduler_job.py:154} INFO - Started process (PID=7652) to work on /home/karyna/airflow/dags/my_dag.py
[2022-09-27 18:01:17,249] {scheduler_job.py:1589} INFO - Processing file /home/karyna/airflow/dags/my_dag.py for tasks to queue
[2022-09-27 18:01:17,250] {logging_mixin.py:112} INFO - [2022-09-27 18:01:17,250] {dagbag.py:417} INFO - Filling up the DagBag from /home/karyna/airflow/dags/my_dag.py
[2022-09-27 18:01:17,481] {scheduler_job.py:1601} INFO - DAG(s) dict_keys(['my_dag']) retrieved from /home/karyna/airflow/dags/my_dag.py
[2022-09-27 18:01:17,509] {scheduler_job.py:1305} INFO - Processing my_dag
[2022-09-27 18:01:17,514] {scheduler_job.py:459} INFO - Skipping SLA check for <DAG: my_dag> because no tasks in DAG have SLAs
[2022-09-27 18:01:17,516] {scheduler_job.py:162} INFO - Processing /home/karyna/airflow/dags/my_dag.py took 0.268 seconds
[2022-09-27 18:02:13,312] {scheduler_job.py:154} INFO - Started process (PID=7686) to work on /home/karyna/airflow/dags/my_dag.py
[2022-09-27 18:02:13,313] {scheduler_job.py:1589} INFO - Processing file /home/karyna/airflow/dags/my_dag.py for tasks to queue
[2022-09-27 18:02:13,314] {logging_mixin.py:112} INFO - [2022-09-27 18:02:13,314] {dagbag.py:417} INFO - Filling up the DagBag from /home/karyna/airflow/dags/my_dag.py
[2022-09-27 18:02:13,514] {scheduler_job.py:1601} INFO - DAG(s) dict_keys(['my_dag']) retrieved from /home/karyna/airflow/dags/my_dag.py
[2022-09-27 18:02:13,544] {scheduler_job.py:1305} INFO - Processing my_dag
[2022-09-27 18:02:13,549] {scheduler_job.py:459} INFO - Skipping SLA check for <DAG: my_dag> because no tasks in DAG have SLAs
[2022-09-27 18:02:13,550] {scheduler_job.py:162} INFO - Processing /home/karyna/airflow/dags/my_dag.py took 0.238 seconds
[2022-09-27 18:03:09,373] {scheduler_job.py:154} INFO - Started process (PID=7721) to work on /home/karyna/airflow/dags/my_dag.py
[2022-09-27 18:03:09,375] {scheduler_job.py:1589} INFO - Processing file /home/karyna/airflow/dags/my_dag.py for tasks to queue
[2022-09-27 18:03:09,375] {logging_mixin.py:112} INFO - [2022-09-27 18:03:09,375] {dagbag.py:417} INFO - Filling up the DagBag from /home/karyna/airflow/dags/my_dag.py
[2022-09-27 18:03:09,576] {scheduler_job.py:1601} INFO - DAG(s) dict_keys(['my_dag']) retrieved from /home/karyna/airflow/dags/my_dag.py
[2022-09-27 18:03:09,606] {scheduler_job.py:1305} INFO - Processing my_dag
[2022-09-27 18:03:09,609] {scheduler_job.py:771} INFO - Examining DAG run <DagRun my_dag @ 2022-09-27 15:02:15.656277+00:00: manual__2022-09-27T15:02:15.656277+00:00, externally triggered: True>
[2022-09-27 18:03:09,624] {scheduler_job.py:459} INFO - Skipping SLA check for <DAG: my_dag> because no tasks in DAG have SLAs
[2022-09-27 18:03:09,625] {scheduler_job.py:1668} INFO - Creating / updating <TaskInstance: my_dag.extract_data 2022-09-27 15:02:15.656277+00:00 [scheduled]> in ORM
[2022-09-27 18:03:09,634] {scheduler_job.py:162} INFO - Processing /home/karyna/airflow/dags/my_dag.py took 0.261 seconds
[2022-09-27 18:04:10,640] {scheduler_job.py:154} INFO - Started process (PID=7754) to work on /home/karyna/airflow/dags/my_dag.py
[2022-09-27 18:04:10,642] {scheduler_job.py:1589} INFO - Processing file /home/karyna/airflow/dags/my_dag.py for tasks to queue
[2022-09-27 18:04:10,643] {logging_mixin.py:112} INFO - [2022-09-27 18:04:10,642] {dagbag.py:417} INFO - Filling up the DagBag from /home/karyna/airflow/dags/my_dag.py
[2022-09-27 18:04:10,870] {scheduler_job.py:1601} INFO - DAG(s) dict_keys(['my_dag']) retrieved from /home/karyna/airflow/dags/my_dag.py
[2022-09-27 18:04:10,910] {scheduler_job.py:1305} INFO - Processing my_dag
[2022-09-27 18:04:10,914] {scheduler_job.py:771} INFO - Examining DAG run <DagRun my_dag @ 2022-09-27 15:02:15.656277+00:00: manual__2022-09-27T15:02:15.656277+00:00, externally triggered: True>
[2022-09-27 18:04:10,928] {scheduler_job.py:459} INFO - Skipping SLA check for <DAG: my_dag> because no tasks in DAG have SLAs
[2022-09-27 18:04:10,931] {scheduler_job.py:1668} INFO - Creating / updating <TaskInstance: my_dag.transform_data 2022-09-27 15:02:15.656277+00:00 [scheduled]> in ORM
[2022-09-27 18:04:10,942] {scheduler_job.py:162} INFO - Processing /home/karyna/airflow/dags/my_dag.py took 0.302 seconds
[2022-09-27 18:05:12,146] {scheduler_job.py:154} INFO - Started process (PID=7793) to work on /home/karyna/airflow/dags/my_dag.py
[2022-09-27 18:05:12,148] {scheduler_job.py:1589} INFO - Processing file /home/karyna/airflow/dags/my_dag.py for tasks to queue
[2022-09-27 18:05:12,148] {logging_mixin.py:112} INFO - [2022-09-27 18:05:12,148] {dagbag.py:417} INFO - Filling up the DagBag from /home/karyna/airflow/dags/my_dag.py
[2022-09-27 18:05:12,358] {scheduler_job.py:1601} INFO - DAG(s) dict_keys(['my_dag']) retrieved from /home/karyna/airflow/dags/my_dag.py
[2022-09-27 18:05:12,396] {scheduler_job.py:1305} INFO - Processing my_dag
[2022-09-27 18:05:12,400] {scheduler_job.py:771} INFO - Examining DAG run <DagRun my_dag @ 2022-09-27 15:02:15.656277+00:00: manual__2022-09-27T15:02:15.656277+00:00, externally triggered: True>
[2022-09-27 18:05:12,416] {scheduler_job.py:459} INFO - Skipping SLA check for <DAG: my_dag> because no tasks in DAG have SLAs
[2022-09-27 18:05:12,419] {scheduler_job.py:1668} INFO - Creating / updating <TaskInstance: my_dag.load_data 2022-09-27 15:02:15.656277+00:00 [scheduled]> in ORM
[2022-09-27 18:05:12,429] {scheduler_job.py:162} INFO - Processing /home/karyna/airflow/dags/my_dag.py took 0.283 seconds
[2022-09-27 18:06:13,531] {scheduler_job.py:154} INFO - Started process (PID=7835) to work on /home/karyna/airflow/dags/my_dag.py
[2022-09-27 18:06:13,535] {scheduler_job.py:1589} INFO - Processing file /home/karyna/airflow/dags/my_dag.py for tasks to queue
[2022-09-27 18:06:13,536] {logging_mixin.py:112} INFO - [2022-09-27 18:06:13,536] {dagbag.py:417} INFO - Filling up the DagBag from /home/karyna/airflow/dags/my_dag.py
[2022-09-27 18:06:14,010] {scheduler_job.py:1601} INFO - DAG(s) dict_keys(['my_dag']) retrieved from /home/karyna/airflow/dags/my_dag.py
[2022-09-27 18:06:14,063] {scheduler_job.py:1305} INFO - Processing my_dag
[2022-09-27 18:06:14,068] {scheduler_job.py:771} INFO - Examining DAG run <DagRun my_dag @ 2022-09-27 15:02:15.656277+00:00: manual__2022-09-27T15:02:15.656277+00:00, externally triggered: True>
[2022-09-27 18:06:14,073] {logging_mixin.py:112} INFO - [2022-09-27 18:06:14,073] {dagrun.py:311} INFO - Marking run <DagRun my_dag @ 2022-09-27 15:02:15.656277+00:00: manual__2022-09-27T15:02:15.656277+00:00, externally triggered: True> failed
[2022-09-27 18:06:14,079] {scheduler_job.py:459} INFO - Skipping SLA check for <DAG: my_dag> because no tasks in DAG have SLAs
[2022-09-27 18:06:14,081] {scheduler_job.py:162} INFO - Processing /home/karyna/airflow/dags/my_dag.py took 0.550 seconds
[2022-09-27 18:07:09,581] {scheduler_job.py:154} INFO - Started process (PID=7867) to work on /home/karyna/airflow/dags/my_dag.py
[2022-09-27 18:07:09,584] {scheduler_job.py:1589} INFO - Processing file /home/karyna/airflow/dags/my_dag.py for tasks to queue
[2022-09-27 18:07:09,590] {logging_mixin.py:112} INFO - [2022-09-27 18:07:09,590] {dagbag.py:417} INFO - Filling up the DagBag from /home/karyna/airflow/dags/my_dag.py
[2022-09-27 18:07:10,374] {scheduler_job.py:1601} INFO - DAG(s) dict_keys(['my_dag']) retrieved from /home/karyna/airflow/dags/my_dag.py
[2022-09-27 18:07:10,463] {scheduler_job.py:1305} INFO - Processing my_dag
[2022-09-27 18:07:10,478] {scheduler_job.py:459} INFO - Skipping SLA check for <DAG: my_dag> because no tasks in DAG have SLAs
[2022-09-27 18:07:10,481] {scheduler_job.py:162} INFO - Processing /home/karyna/airflow/dags/my_dag.py took 0.900 seconds
[2022-09-27 18:08:05,634] {scheduler_job.py:154} INFO - Started process (PID=7905) to work on /home/karyna/airflow/dags/my_dag.py
[2022-09-27 18:08:05,636] {scheduler_job.py:1589} INFO - Processing file /home/karyna/airflow/dags/my_dag.py for tasks to queue
[2022-09-27 18:08:05,637] {logging_mixin.py:112} INFO - [2022-09-27 18:08:05,637] {dagbag.py:417} INFO - Filling up the DagBag from /home/karyna/airflow/dags/my_dag.py
[2022-09-27 18:08:05,943] {scheduler_job.py:1601} INFO - DAG(s) dict_keys(['my_dag']) retrieved from /home/karyna/airflow/dags/my_dag.py
[2022-09-27 18:08:05,979] {scheduler_job.py:1305} INFO - Processing my_dag
[2022-09-27 18:08:05,984] {scheduler_job.py:459} INFO - Skipping SLA check for <DAG: my_dag> because no tasks in DAG have SLAs
[2022-09-27 18:08:05,985] {scheduler_job.py:162} INFO - Processing /home/karyna/airflow/dags/my_dag.py took 0.351 seconds
[2022-09-27 18:09:01,701] {scheduler_job.py:154} INFO - Started process (PID=7937) to work on /home/karyna/airflow/dags/my_dag.py
[2022-09-27 18:09:01,703] {scheduler_job.py:1589} INFO - Processing file /home/karyna/airflow/dags/my_dag.py for tasks to queue
[2022-09-27 18:09:01,703] {logging_mixin.py:112} INFO - [2022-09-27 18:09:01,703] {dagbag.py:417} INFO - Filling up the DagBag from /home/karyna/airflow/dags/my_dag.py
[2022-09-27 18:09:01,913] {scheduler_job.py:1601} INFO - DAG(s) dict_keys(['my_dag']) retrieved from /home/karyna/airflow/dags/my_dag.py
[2022-09-27 18:09:01,966] {scheduler_job.py:1305} INFO - Processing my_dag
[2022-09-27 18:09:01,971] {scheduler_job.py:459} INFO - Skipping SLA check for <DAG: my_dag> because no tasks in DAG have SLAs
[2022-09-27 18:09:01,972] {scheduler_job.py:162} INFO - Processing /home/karyna/airflow/dags/my_dag.py took 0.272 seconds
[2022-09-27 18:09:57,767] {scheduler_job.py:154} INFO - Started process (PID=7979) to work on /home/karyna/airflow/dags/my_dag.py
[2022-09-27 18:09:57,776] {scheduler_job.py:1589} INFO - Processing file /home/karyna/airflow/dags/my_dag.py for tasks to queue
[2022-09-27 18:09:57,777] {logging_mixin.py:112} INFO - [2022-09-27 18:09:57,777] {dagbag.py:417} INFO - Filling up the DagBag from /home/karyna/airflow/dags/my_dag.py
[2022-09-27 18:09:58,309] {scheduler_job.py:1601} INFO - DAG(s) dict_keys(['my_dag']) retrieved from /home/karyna/airflow/dags/my_dag.py
[2022-09-27 18:09:58,363] {scheduler_job.py:1305} INFO - Processing my_dag
[2022-09-27 18:09:58,386] {scheduler_job.py:459} INFO - Skipping SLA check for <DAG: my_dag> because no tasks in DAG have SLAs
[2022-09-27 18:09:58,397] {scheduler_job.py:162} INFO - Processing /home/karyna/airflow/dags/my_dag.py took 0.629 seconds
[2022-09-27 18:10:53,816] {scheduler_job.py:154} INFO - Started process (PID=8034) to work on /home/karyna/airflow/dags/my_dag.py
[2022-09-27 18:10:53,818] {scheduler_job.py:1589} INFO - Processing file /home/karyna/airflow/dags/my_dag.py for tasks to queue
[2022-09-27 18:10:53,819] {logging_mixin.py:112} INFO - [2022-09-27 18:10:53,819] {dagbag.py:417} INFO - Filling up the DagBag from /home/karyna/airflow/dags/my_dag.py
[2022-09-27 18:10:54,214] {scheduler_job.py:1601} INFO - DAG(s) dict_keys(['my_dag']) retrieved from /home/karyna/airflow/dags/my_dag.py
[2022-09-27 18:10:54,257] {scheduler_job.py:1305} INFO - Processing my_dag
[2022-09-27 18:10:54,262] {scheduler_job.py:459} INFO - Skipping SLA check for <DAG: my_dag> because no tasks in DAG have SLAs
[2022-09-27 18:10:54,263] {scheduler_job.py:162} INFO - Processing /home/karyna/airflow/dags/my_dag.py took 0.447 seconds
[2022-09-27 18:11:49,920] {scheduler_job.py:154} INFO - Started process (PID=8082) to work on /home/karyna/airflow/dags/my_dag.py
[2022-09-27 18:11:49,935] {scheduler_job.py:1589} INFO - Processing file /home/karyna/airflow/dags/my_dag.py for tasks to queue
[2022-09-27 18:11:49,936] {logging_mixin.py:112} INFO - [2022-09-27 18:11:49,936] {dagbag.py:417} INFO - Filling up the DagBag from /home/karyna/airflow/dags/my_dag.py
[2022-09-27 18:11:50,701] {scheduler_job.py:1601} INFO - DAG(s) dict_keys(['my_dag']) retrieved from /home/karyna/airflow/dags/my_dag.py
[2022-09-27 18:11:50,791] {scheduler_job.py:1305} INFO - Processing my_dag
[2022-09-27 18:11:50,833] {scheduler_job.py:459} INFO - Skipping SLA check for <DAG: my_dag> because no tasks in DAG have SLAs
[2022-09-27 18:11:50,835] {scheduler_job.py:162} INFO - Processing /home/karyna/airflow/dags/my_dag.py took 0.914 seconds
[2022-09-27 18:12:45,926] {scheduler_job.py:154} INFO - Started process (PID=8115) to work on /home/karyna/airflow/dags/my_dag.py
[2022-09-27 18:12:45,927] {scheduler_job.py:1589} INFO - Processing file /home/karyna/airflow/dags/my_dag.py for tasks to queue
[2022-09-27 18:12:45,928] {logging_mixin.py:112} INFO - [2022-09-27 18:12:45,928] {dagbag.py:417} INFO - Filling up the DagBag from /home/karyna/airflow/dags/my_dag.py
[2022-09-27 18:12:46,119] {scheduler_job.py:1601} INFO - DAG(s) dict_keys(['my_dag']) retrieved from /home/karyna/airflow/dags/my_dag.py
[2022-09-27 18:12:46,162] {scheduler_job.py:1305} INFO - Processing my_dag
[2022-09-27 18:12:46,166] {scheduler_job.py:771} INFO - Examining DAG run <DagRun my_dag @ 2022-09-27 15:12:07.119217+00:00: manual__2022-09-27T15:12:07.119217+00:00, externally triggered: True>
[2022-09-27 18:12:46,181] {scheduler_job.py:459} INFO - Skipping SLA check for <DAG: my_dag> because no tasks in DAG have SLAs
[2022-09-27 18:12:46,183] {scheduler_job.py:1668} INFO - Creating / updating <TaskInstance: my_dag.extract_data 2022-09-27 15:12:07.119217+00:00 [scheduled]> in ORM
[2022-09-27 18:12:46,202] {scheduler_job.py:162} INFO - Processing /home/karyna/airflow/dags/my_dag.py took 0.276 seconds
[2022-09-27 18:13:47,294] {scheduler_job.py:154} INFO - Started process (PID=8149) to work on /home/karyna/airflow/dags/my_dag.py
[2022-09-27 18:13:47,295] {scheduler_job.py:1589} INFO - Processing file /home/karyna/airflow/dags/my_dag.py for tasks to queue
[2022-09-27 18:13:47,296] {logging_mixin.py:112} INFO - [2022-09-27 18:13:47,295] {dagbag.py:417} INFO - Filling up the DagBag from /home/karyna/airflow/dags/my_dag.py
[2022-09-27 18:13:47,507] {scheduler_job.py:1601} INFO - DAG(s) dict_keys(['my_dag']) retrieved from /home/karyna/airflow/dags/my_dag.py
[2022-09-27 18:13:47,534] {scheduler_job.py:1305} INFO - Processing my_dag
[2022-09-27 18:13:47,539] {scheduler_job.py:771} INFO - Examining DAG run <DagRun my_dag @ 2022-09-27 15:12:07.119217+00:00: manual__2022-09-27T15:12:07.119217+00:00, externally triggered: True>
[2022-09-27 18:13:47,552] {scheduler_job.py:459} INFO - Skipping SLA check for <DAG: my_dag> because no tasks in DAG have SLAs
[2022-09-27 18:13:47,554] {scheduler_job.py:1668} INFO - Creating / updating <TaskInstance: my_dag.transform_data 2022-09-27 15:12:07.119217+00:00 [scheduled]> in ORM
[2022-09-27 18:13:47,564] {scheduler_job.py:162} INFO - Processing /home/karyna/airflow/dags/my_dag.py took 0.270 seconds
[2022-09-27 18:14:48,629] {scheduler_job.py:154} INFO - Started process (PID=8183) to work on /home/karyna/airflow/dags/my_dag.py
[2022-09-27 18:14:48,630] {scheduler_job.py:1589} INFO - Processing file /home/karyna/airflow/dags/my_dag.py for tasks to queue
[2022-09-27 18:14:48,631] {logging_mixin.py:112} INFO - [2022-09-27 18:14:48,631] {dagbag.py:417} INFO - Filling up the DagBag from /home/karyna/airflow/dags/my_dag.py
[2022-09-27 18:14:48,827] {scheduler_job.py:1601} INFO - DAG(s) dict_keys(['my_dag']) retrieved from /home/karyna/airflow/dags/my_dag.py
[2022-09-27 18:14:48,863] {scheduler_job.py:1305} INFO - Processing my_dag
[2022-09-27 18:14:48,867] {scheduler_job.py:771} INFO - Examining DAG run <DagRun my_dag @ 2022-09-27 15:12:07.119217+00:00: manual__2022-09-27T15:12:07.119217+00:00, externally triggered: True>
[2022-09-27 18:14:48,879] {scheduler_job.py:459} INFO - Skipping SLA check for <DAG: my_dag> because no tasks in DAG have SLAs
[2022-09-27 18:14:48,880] {scheduler_job.py:1668} INFO - Creating / updating <TaskInstance: my_dag.load_data 2022-09-27 15:12:07.119217+00:00 [scheduled]> in ORM
[2022-09-27 18:14:48,893] {scheduler_job.py:162} INFO - Processing /home/karyna/airflow/dags/my_dag.py took 0.264 seconds
[2022-09-27 18:15:55,422] {scheduler_job.py:154} INFO - Started process (PID=8232) to work on /home/karyna/airflow/dags/my_dag.py
[2022-09-27 18:15:55,425] {scheduler_job.py:1589} INFO - Processing file /home/karyna/airflow/dags/my_dag.py for tasks to queue
[2022-09-27 18:15:55,426] {logging_mixin.py:112} INFO - [2022-09-27 18:15:55,426] {dagbag.py:417} INFO - Filling up the DagBag from /home/karyna/airflow/dags/my_dag.py
[2022-09-27 18:15:55,627] {scheduler_job.py:1601} INFO - DAG(s) dict_keys(['my_dag']) retrieved from /home/karyna/airflow/dags/my_dag.py
[2022-09-27 18:15:55,675] {scheduler_job.py:1305} INFO - Processing my_dag
[2022-09-27 18:15:55,680] {scheduler_job.py:771} INFO - Examining DAG run <DagRun my_dag @ 2022-09-27 15:12:07.119217+00:00: manual__2022-09-27T15:12:07.119217+00:00, externally triggered: True>
[2022-09-27 18:15:55,684] {logging_mixin.py:112} INFO - [2022-09-27 18:15:55,683] {dagrun.py:320} INFO - Marking run <DagRun my_dag @ 2022-09-27 15:12:07.119217+00:00: manual__2022-09-27T15:12:07.119217+00:00, externally triggered: True> successful
[2022-09-27 18:15:55,691] {scheduler_job.py:459} INFO - Skipping SLA check for <DAG: my_dag> because no tasks in DAG have SLAs
[2022-09-27 18:15:55,693] {scheduler_job.py:162} INFO - Processing /home/karyna/airflow/dags/my_dag.py took 0.271 seconds
[2022-09-27 18:16:51,484] {scheduler_job.py:154} INFO - Started process (PID=8265) to work on /home/karyna/airflow/dags/my_dag.py
[2022-09-27 18:16:51,486] {scheduler_job.py:1589} INFO - Processing file /home/karyna/airflow/dags/my_dag.py for tasks to queue
[2022-09-27 18:16:51,486] {logging_mixin.py:112} INFO - [2022-09-27 18:16:51,486] {dagbag.py:417} INFO - Filling up the DagBag from /home/karyna/airflow/dags/my_dag.py
[2022-09-27 18:16:51,685] {scheduler_job.py:1601} INFO - DAG(s) dict_keys(['my_dag']) retrieved from /home/karyna/airflow/dags/my_dag.py
[2022-09-27 18:16:51,714] {scheduler_job.py:1305} INFO - Processing my_dag
[2022-09-27 18:16:51,718] {scheduler_job.py:459} INFO - Skipping SLA check for <DAG: my_dag> because no tasks in DAG have SLAs
[2022-09-27 18:16:51,720] {scheduler_job.py:162} INFO - Processing /home/karyna/airflow/dags/my_dag.py took 0.236 seconds
[2022-09-27 18:17:47,547] {scheduler_job.py:154} INFO - Started process (PID=8304) to work on /home/karyna/airflow/dags/my_dag.py
[2022-09-27 18:17:47,549] {scheduler_job.py:1589} INFO - Processing file /home/karyna/airflow/dags/my_dag.py for tasks to queue
[2022-09-27 18:17:47,549] {logging_mixin.py:112} INFO - [2022-09-27 18:17:47,549] {dagbag.py:417} INFO - Filling up the DagBag from /home/karyna/airflow/dags/my_dag.py
[2022-09-27 18:17:47,759] {scheduler_job.py:1601} INFO - DAG(s) dict_keys(['my_dag']) retrieved from /home/karyna/airflow/dags/my_dag.py
[2022-09-27 18:17:47,805] {scheduler_job.py:1305} INFO - Processing my_dag
[2022-09-27 18:17:47,811] {scheduler_job.py:459} INFO - Skipping SLA check for <DAG: my_dag> because no tasks in DAG have SLAs
[2022-09-27 18:17:47,812] {scheduler_job.py:162} INFO - Processing /home/karyna/airflow/dags/my_dag.py took 0.265 seconds
[2022-09-27 18:18:43,614] {scheduler_job.py:154} INFO - Started process (PID=8335) to work on /home/karyna/airflow/dags/my_dag.py
[2022-09-27 18:18:43,619] {scheduler_job.py:1589} INFO - Processing file /home/karyna/airflow/dags/my_dag.py for tasks to queue
[2022-09-27 18:18:43,620] {logging_mixin.py:112} INFO - [2022-09-27 18:18:43,619] {dagbag.py:417} INFO - Filling up the DagBag from /home/karyna/airflow/dags/my_dag.py
[2022-09-27 18:18:44,138] {scheduler_job.py:1601} INFO - DAG(s) dict_keys(['my_dag']) retrieved from /home/karyna/airflow/dags/my_dag.py
[2022-09-27 18:18:44,195] {scheduler_job.py:1305} INFO - Processing my_dag
[2022-09-27 18:18:44,207] {scheduler_job.py:459} INFO - Skipping SLA check for <DAG: my_dag> because no tasks in DAG have SLAs
[2022-09-27 18:18:44,210] {scheduler_job.py:162} INFO - Processing /home/karyna/airflow/dags/my_dag.py took 0.596 seconds
[2022-09-27 18:19:39,672] {scheduler_job.py:154} INFO - Started process (PID=8370) to work on /home/karyna/airflow/dags/my_dag.py
[2022-09-27 18:19:39,674] {scheduler_job.py:1589} INFO - Processing file /home/karyna/airflow/dags/my_dag.py for tasks to queue
[2022-09-27 18:19:39,674] {logging_mixin.py:112} INFO - [2022-09-27 18:19:39,674] {dagbag.py:417} INFO - Filling up the DagBag from /home/karyna/airflow/dags/my_dag.py
[2022-09-27 18:19:39,874] {scheduler_job.py:1601} INFO - DAG(s) dict_keys(['my_dag']) retrieved from /home/karyna/airflow/dags/my_dag.py
[2022-09-27 18:19:39,909] {scheduler_job.py:1305} INFO - Processing my_dag
[2022-09-27 18:19:39,913] {scheduler_job.py:459} INFO - Skipping SLA check for <DAG: my_dag> because no tasks in DAG have SLAs
[2022-09-27 18:19:39,914] {scheduler_job.py:162} INFO - Processing /home/karyna/airflow/dags/my_dag.py took 0.242 seconds
[2022-09-27 18:20:35,731] {scheduler_job.py:154} INFO - Started process (PID=8403) to work on /home/karyna/airflow/dags/my_dag.py
[2022-09-27 18:20:35,733] {scheduler_job.py:1589} INFO - Processing file /home/karyna/airflow/dags/my_dag.py for tasks to queue
[2022-09-27 18:20:35,734] {logging_mixin.py:112} INFO - [2022-09-27 18:20:35,734] {dagbag.py:417} INFO - Filling up the DagBag from /home/karyna/airflow/dags/my_dag.py
[2022-09-27 18:20:35,925] {scheduler_job.py:1601} INFO - DAG(s) dict_keys(['my_dag']) retrieved from /home/karyna/airflow/dags/my_dag.py
[2022-09-27 18:20:35,970] {scheduler_job.py:1305} INFO - Processing my_dag
[2022-09-27 18:20:35,974] {scheduler_job.py:459} INFO - Skipping SLA check for <DAG: my_dag> because no tasks in DAG have SLAs
[2022-09-27 18:20:35,975] {scheduler_job.py:162} INFO - Processing /home/karyna/airflow/dags/my_dag.py took 0.244 seconds
[2022-09-27 18:21:31,797] {scheduler_job.py:154} INFO - Started process (PID=8435) to work on /home/karyna/airflow/dags/my_dag.py
[2022-09-27 18:21:31,799] {scheduler_job.py:1589} INFO - Processing file /home/karyna/airflow/dags/my_dag.py for tasks to queue
[2022-09-27 18:21:31,800] {logging_mixin.py:112} INFO - [2022-09-27 18:21:31,799] {dagbag.py:417} INFO - Filling up the DagBag from /home/karyna/airflow/dags/my_dag.py
[2022-09-27 18:21:31,997] {scheduler_job.py:1601} INFO - DAG(s) dict_keys(['my_dag']) retrieved from /home/karyna/airflow/dags/my_dag.py
[2022-09-27 18:21:32,030] {scheduler_job.py:1305} INFO - Processing my_dag
[2022-09-27 18:21:32,034] {scheduler_job.py:459} INFO - Skipping SLA check for <DAG: my_dag> because no tasks in DAG have SLAs
[2022-09-27 18:21:32,036] {scheduler_job.py:162} INFO - Processing /home/karyna/airflow/dags/my_dag.py took 0.239 seconds
